# JRE version: Java(TM) SE Runtime Environment (8.0_202-b08) (build 1.8.0_202-b08)
# Java VM: Java HotSpot(TM) 64-Bit Server VM (25.202-b08 mixed mode windows-amd64 compressed oops)
Heap:
 PSYoungGen      total 139776K, used 46867K [0x000000076c800000, 0x000000077d900000, 0x00000007c0000000)
  eden space 129024K, 28% used [0x000000076c800000,0x000000076eb48ee8,0x0000000774600000)
  from space 10752K, 99% used [0x0000000774600000,0x000000077507c030,0x0000000775080000)
  to   space 10752K, 0% used [0x000000077ce80000,0x000000077ce80000,0x000000077d900000)
 ParOldGen       total 172032K, used 5486K [0x00000006c5800000, 0x00000006d0000000, 0x000000076c800000)
  object space 172032K, 3% used [0x00000006c5800000,0x00000006c5d5b8a8,0x00000006d0000000)
 Metaspace       used 20288K, capacity 20842K, committed 20992K, reserved 1067008K
  class space    used 2341K, capacity 2484K, committed 2560K, reserved 1048576K
GC Heap History (6 events):
Event: 0.914 GC heap before
{Heap before GC invocations=1 (full 0):
 PSYoungGen      total 75264K, used 64512K [0x000000076c800000, 0x0000000771c00000, 0x00000007c0000000)
  eden space 64512K, 100% used [0x000000076c800000,0x0000000770700000,0x0000000770700000)
  from space 10752K, 0% used [0x0000000771180000,0x0000000771180000,0x0000000771c00000)
  to   space 10752K, 0% used [0x0000000770700000,0x0000000770700000,0x0000000771180000)
 ParOldGen       total 172032K, used 0K [0x00000006c5800000, 0x00000006d0000000, 0x000000076c800000)
  object space 172032K, 0% used [0x00000006c5800000,0x00000006c5800000,0x00000006d0000000)
 Metaspace       used 11576K, capacity 11796K, committed 12160K, reserved 1060864K
  class space    used 1442K, capacity 1542K, committed 1664K, reserved 1048576K
Event: 0.928 GC heap after
Heap after GC invocations=1 (full 0):
 PSYoungGen      total 75264K, used 10618K [0x000000076c800000, 0x0000000775b00000, 0x00000007c0000000)
  eden space 64512K, 0% used [0x000000076c800000,0x000000076c800000,0x0000000770700000)
  from space 10752K, 98% used [0x0000000770700000,0x000000077115eb20,0x0000000771180000)
  to   space 10752K, 0% used [0x0000000775080000,0x0000000775080000,0x0000000775b00000)
 ParOldGen       total 172032K, used 16K [0x00000006c5800000, 0x00000006d0000000, 0x000000076c800000)
  object space 172032K, 0% used [0x00000006c5800000,0x00000006c5804000,0x00000006d0000000)
 Metaspace       used 11576K, capacity 11796K, committed 12160K, reserved 1060864K
  class space    used 1442K, capacity 1542K, committed 1664K, reserved 1048576K
}
Event: 1.758 GC heap before
{Heap before GC invocations=2 (full 0):
 PSYoungGen      total 75264K, used 75130K [0x000000076c800000, 0x0000000775b00000, 0x00000007c0000000)
  eden space 64512K, 100% used [0x000000076c800000,0x0000000770700000,0x0000000770700000)
  from space 10752K, 98% used [0x0000000770700000,0x000000077115eb20,0x0000000771180000)
  to   space 10752K, 0% used [0x0000000775080000,0x0000000775080000,0x0000000775b00000)
 ParOldGen       total 172032K, used 16K [0x00000006c5800000, 0x00000006d0000000, 0x000000076c800000)
  object space 172032K, 0% used [0x00000006c5800000,0x00000006c5804000,0x00000006d0000000)
 Metaspace       used 15417K, capacity 15678K, committed 15744K, reserved 1062912K
  class space    used 1845K, capacity 1919K, committed 1920K, reserved 1048576K
Event: 1.768 GC heap after
Heap after GC invocations=2 (full 0):
 PSYoungGen      total 139776K, used 9373K [0x000000076c800000, 0x0000000775b00000, 0x00000007c0000000)
  eden space 129024K, 0% used [0x000000076c800000,0x000000076c800000,0x0000000774600000)
  from space 10752K, 87% used [0x0000000775080000,0x00000007759a7750,0x0000000775b00000)
  to   space 10752K, 0% used [0x0000000774600000,0x0000000774600000,0x0000000775080000)
 ParOldGen       total 172032K, used 24K [0x00000006c5800000, 0x00000006d0000000, 0x000000076c800000)
  object space 172032K, 0% used [0x00000006c5800000,0x00000006c5806000,0x00000006d0000000)
 Metaspace       used 15417K, capacity 15678K, committed 15744K, reserved 1062912K
  class space    used 1845K, capacity 1919K, committed 1920K, reserved 1048576K
}
Event: 3.190 GC heap before
{Heap before GC invocations=3 (full 0):
 PSYoungGen      total 139776K, used 138397K [0x000000076c800000, 0x0000000775b00000, 0x00000007c0000000)
  eden space 129024K, 100% used [0x000000076c800000,0x0000000774600000,0x0000000774600000)
  from space 10752K, 87% used [0x0000000775080000,0x00000007759a7750,0x0000000775b00000)
  to   space 10752K, 0% used [0x0000000774600000,0x0000000774600000,0x0000000775080000)
 ParOldGen       total 172032K, used 24K [0x00000006c5800000, 0x00000006d0000000, 0x000000076c800000)
  object space 172032K, 0% used [0x00000006c5800000,0x00000006c5806000,0x00000006d0000000)
 Metaspace       used 18709K, capacity 19210K, committed 19456K, reserved 1067008K
  class space    used 2133K, capacity 2260K, committed 2304K, reserved 1048576K
Event: 3.212 GC heap after
Heap after GC invocations=3 (full 0):
 PSYoungGen      total 139776K, used 10736K [0x000000076c800000, 0x000000077d900000, 0x00000007c0000000)
  eden space 129024K, 0% used [0x000000076c800000,0x000000076c800000,0x0000000774600000)
  from space 10752K, 99% used [0x0000000774600000,0x000000077507c030,0x0000000775080000)
  to   space 10752K, 0% used [0x000000077ce80000,0x000000077ce80000,0x000000077d900000)
 ParOldGen       total 172032K, used 5486K [0x00000006c5800000, 0x00000006d0000000, 0x000000076c800000)
  object space 172032K, 3% used [0x00000006c5800000,0x00000006c5d5b8a8,0x00000006d0000000)
 Metaspace       used 18709K, capacity 19210K, committed 19456K, reserved 1067008K
  class space    used 2133K, capacity 2260K, committed 2304K, reserved 1048576K
}

